<?xml version="1.0" encoding="UTF-8"?>
<!-- Generated by org.testng.reporters.JUnitReportReporter -->
<testsuite skipped="0" hostname="Riyaans-MacBook-Air.local" name="com.test.demoTest" tests="3" failures="0" timestamp="2021-12-12T19:59:46 IST" time="46.420" errors="0">
  <testcase name="testCase2" time="12.442" classname="com.test.demoTest"/>
  <system-out/>
  <testcase name="testCase1" time="21.967" classname="com.test.demoTest"/>
  <system-out/>
  <testcase name="testCase3" time="12.011" classname="com.test.demoTest"/>
  <system-out/>
</testsuite> <!-- com.test.demoTest -->
